
C:\Users\JuanPablo\Documents\Especializacion\Semestre 1\ConceptosAvanzadosIngSoftware\Tareas\Tarea7\scr\tarea7>mvn package
[INFO] Scanning for projects...
[INFO]
[INFO] ------------------------------------------------------------------------
[INFO] Building tarea7 1.0-SNAPSHOT
[INFO] ------------------------------------------------------------------------
[INFO]
[INFO] --- maven-resources-plugin:2.6:resources (default-resources) @ tarea7 ---
                                                                                              [WARNING] Using platform encoding (Cp1252 actually) to copy filtered resources, i.e. build is platform dependent!
[INFO] Copying 0 resource
[INFO]
[INFO] --- maven-compiler-plugin:2.5.1:compile (default-compile) @ tarea7 ---
[INFO] Nothing to compile - all classes are up to date
[INFO]
[INFO] --- maven-resources-plugin:2.6:testResources (default-testResources) @ tarea7 ---
[WARNING] Using platform encoding (Cp1252 actually) to copy filtered resources, i.e. build is platform dependent!
[INFO] skip non existing resourceDirectory C:\Users\JuanPablo\Documents\Especializacion\Semestre 1\ConceptosAvanzadosIngSoftware\Tareas\Tarea7\scr\tarea7\src\test\resources
[INFO]
[INFO] --- maven-compiler-plugin:2.5.1:testCompile (default-testCompile) @ tarea7 ---
[INFO] Nothing to compile - all classes are up to date
[INFO]
[INFO] --- maven-surefire-plugin:2.12.4:test (default-test) @ tarea7 ---
[INFO] Surefire report directory: C:\Users\JuanPablo\Documents\Especializacion\Semestre 1\ConceptosAvanzadosIngSoftware\Tareas\Tarea7\scr\tarea7\target\surefire-reports

-------------------------------------------------------
 T E S T S
-------------------------------------------------------
Running edu.uniandes.ecos.ASE.app.AppTest
{"r_xy":0.95449656,"r_2":0.91106373,"significance":1.7881393E-5,"B0":-22.552532,"B1":1.7279325,"yk":644.4294,"RANGE":230.25693,"UPI":414.17245,"LPI":874.6863}
{"r_xy":0.9333069,"r_2":0.87106174,"significance":7.969141E-5,"B0":-4.038882,"B1":0.16812664,"yk":60.858006,"RANGE":27.588223,"UPI":33.269783,"LPI":88.44623}
{"r_xy":0.90615237,"r_2":0.82111204,"significance":0.034021914,"B0":66.05631,"B1":2.8428888,"yk":1163.4114,"RANGE":322.17926,"UPI":841.2321,"LPI":1485.5906}
{"r_xy":0.90615237,"r_2":0.82111204,"significance":0.034021914,"B0":66.05631,"B1":2.8428888,"yk":1163.4114,"RANGE":322.17926,"UPI":841.2321,"LPI":1485.5906}
Tests run: 4, Failures: 0, Errors: 0, Skipped: 0, Time elapsed: 0.222 sec
Running edu.uniandes.ecos.ASE.Business.DistribucionTTest
Tests run: 1, Failures: 0, Errors: 0, Skipped: 0, Time elapsed: 0.016 sec
Running edu.uniandes.ecos.ASE.Business.LinealRegressionCalculatorTest
[B0]          [B1]          [r_xy]        [r^2]         [y_k]
Tests run: 12, Failures: 0, Errors: 0, Skipped: 0, Time elapsed: 0.016 sec
Running edu.uniandes.ecos.ASE.Business.ResultDataTest
valorCalculado
Tests run: 1, Failures: 0, Errors: 0, Skipped: 0, Time elapsed: 0 sec

Results :

Tests run: 18, Failures: 0, Errors: 0, Skipped: 0

[INFO]
[INFO] --- maven-jar-plugin:2.4:jar (default-jar) @ tarea7 ---
[INFO] Building jar: C:\Users\JuanPablo\Documents\Especializacion\Semestre 1\ConceptosAvanzadosIngSoftware\Tareas\Tarea7\scr\tarea7\target\tarea7-1.0-SNAPSHOT.jar
[INFO]
[INFO] --- maven-assembly-plugin:2.3:single (build-jar-with-dependencies) @ tarea7 ---
[INFO] META-INF/ already added, skipping
[INFO] META-INF/MANIFEST.MF already added, skipping
[INFO] META-INF/maven/ already added, skipping
[INFO] META-INF/ already added, skipping
[INFO] META-INF/MANIFEST.MF already added, skipping
[INFO] org/ already added, skipping
[INFO] org/slf4j/ already added, skipping
[INFO] META-INF/maven/ already added, skipping
[INFO] META-INF/maven/org.slf4j/ already added, skipping
[INFO] META-INF/ already added, skipping
[INFO] META-INF/MANIFEST.MF already added, skipping
[INFO] org/ already added, skipping
[INFO] META-INF/maven/ already added, skipping
[INFO] META-INF/MANIFEST.MF already added, skipping
[INFO] META-INF/ already added, skipping
[INFO] about.html already added, skipping
[INFO] META-INF/ already added, skipping
[INFO] META-INF/MANIFEST.MF already added, skipping
[INFO] org/ already added, skipping
[INFO] org/eclipse/ already added, skipping
[INFO] org/eclipse/jetty/ already added, skipping
[INFO] about.html already added, skipping
[INFO] META-INF/maven/ already added, skipping
[INFO] META-INF/maven/org.eclipse.jetty/ already added, skipping
[INFO] META-INF/ already added, skipping
[INFO] META-INF/MANIFEST.MF already added, skipping
[INFO] org/ already added, skipping
[INFO] org/eclipse/ already added, skipping
[INFO] org/eclipse/jetty/ already added, skipping
[INFO] about.html already added, skipping
[INFO] META-INF/maven/ already added, skipping
[INFO] META-INF/maven/org.eclipse.jetty/ already added, skipping
[INFO] META-INF/ already added, skipping
[INFO] META-INF/MANIFEST.MF already added, skipping
[INFO] org/ already added, skipping
[INFO] org/eclipse/ already added, skipping
[INFO] org/eclipse/jetty/ already added, skipping
[INFO] about.html already added, skipping
[INFO] META-INF/maven/ already added, skipping
[INFO] META-INF/maven/org.eclipse.jetty/ already added, skipping
[INFO] META-INF/ already added, skipping
[INFO] META-INF/MANIFEST.MF already added, skipping
[INFO] org/ already added, skipping
[INFO] org/eclipse/ already added, skipping
[INFO] org/eclipse/jetty/ already added, skipping
[INFO] about.html already added, skipping
[INFO] META-INF/maven/ already added, skipping
[INFO] META-INF/maven/org.eclipse.jetty/ already added, skipping
[INFO] META-INF/ already added, skipping
[INFO] META-INF/MANIFEST.MF already added, skipping
[INFO] org/ already added, skipping
[INFO] org/eclipse/ already added, skipping
[INFO] org/eclipse/jetty/ already added, skipping
[INFO] about.html already added, skipping
[INFO] META-INF/maven/ already added, skipping
[INFO] META-INF/maven/org.eclipse.jetty/ already added, skipping
[INFO] META-INF/ already added, skipping
[INFO] META-INF/MANIFEST.MF already added, skipping
[INFO] org/ already added, skipping
[INFO] org/eclipse/ already added, skipping
[INFO] org/eclipse/jetty/ already added, skipping
[INFO] about.html already added, skipping
[INFO] META-INF/maven/ already added, skipping
[INFO] META-INF/maven/org.eclipse.jetty/ already added, skipping
[INFO] META-INF/ already added, skipping
[INFO] META-INF/MANIFEST.MF already added, skipping
[INFO] org/ already added, skipping
[INFO] org/eclipse/ already added, skipping
[INFO] org/eclipse/jetty/ already added, skipping
[INFO] about.html already added, skipping
[INFO] META-INF/maven/ already added, skipping
[INFO] META-INF/maven/org.eclipse.jetty/ already added, skipping
[INFO] META-INF/ already added, skipping
[INFO] META-INF/MANIFEST.MF already added, skipping
[INFO] spark/ already added, skipping
[INFO] META-INF/maven/ already added, skipping
[INFO] META-INF/maven/com.sparkjava/ already added, skipping
[INFO] META-INF/ already added, skipping
[INFO] META-INF/MANIFEST.MF already added, skipping
[INFO] META-INF/MANIFEST.MF already added, skipping
[INFO] META-INF/ already added, skipping
[INFO] org/ already added, skipping
[INFO] META-INF/MANIFEST.MF already added, skipping
[INFO] META-INF/ already added, skipping
[INFO] META-INF/maven/ already added, skipping
[INFO] META-INF/ already added, skipping
[INFO] META-INF/MANIFEST.MF already added, skipping
[INFO] com/ already added, skipping
[INFO] META-INF/ already added, skipping
[INFO] META-INF/MANIFEST.MF already added, skipping
[INFO] META-INF/maven/ already added, skipping
[INFO] Building jar: C:\Users\JuanPablo\Documents\Especializacion\Semestre 1\ConceptosAvanzadosIngSoftware\Tareas\Tarea7\scr\tarea7\target\tarea7.jar
[INFO] META-INF/ already added, skipping
[INFO] META-INF/MANIFEST.MF already added, skipping
[INFO] META-INF/maven/ already added, skipping
[INFO] META-INF/ already added, skipping
[INFO] META-INF/MANIFEST.MF already added, skipping
[INFO] org/ already added, skipping
[INFO] org/slf4j/ already added, skipping
[INFO] META-INF/maven/ already added, skipping
[INFO] META-INF/maven/org.slf4j/ already added, skipping
[INFO] META-INF/ already added, skipping
[INFO] META-INF/MANIFEST.MF already added, skipping
[INFO] org/ already added, skipping
[INFO] META-INF/maven/ already added, skipping
[INFO] META-INF/MANIFEST.MF already added, skipping
[INFO] META-INF/ already added, skipping
[INFO] about.html already added, skipping
[INFO] META-INF/ already added, skipping
[INFO] META-INF/MANIFEST.MF already added, skipping
[INFO] org/ already added, skipping
[INFO] org/eclipse/ already added, skipping
[INFO] org/eclipse/jetty/ already added, skipping
[INFO] about.html already added, skipping
[INFO] META-INF/maven/ already added, skipping
[INFO] META-INF/maven/org.eclipse.jetty/ already added, skipping
[INFO] META-INF/ already added, skipping
[INFO] META-INF/MANIFEST.MF already added, skipping
[INFO] org/ already added, skipping
[INFO] org/eclipse/ already added, skipping
[INFO] org/eclipse/jetty/ already added, skipping
[INFO] about.html already added, skipping
[INFO] META-INF/maven/ already added, skipping
[INFO] META-INF/maven/org.eclipse.jetty/ already added, skipping
[INFO] META-INF/ already added, skipping
[INFO] META-INF/MANIFEST.MF already added, skipping
[INFO] org/ already added, skipping
[INFO] org/eclipse/ already added, skipping
[INFO] org/eclipse/jetty/ already added, skipping
[INFO] about.html already added, skipping
[INFO] META-INF/maven/ already added, skipping
[INFO] META-INF/maven/org.eclipse.jetty/ already added, skipping
[INFO] META-INF/ already added, skipping
[INFO] META-INF/MANIFEST.MF already added, skipping
[INFO] org/ already added, skipping
[INFO] org/eclipse/ already added, skipping
[INFO] org/eclipse/jetty/ already added, skipping
[INFO] about.html already added, skipping
[INFO] META-INF/maven/ already added, skipping
[INFO] META-INF/maven/org.eclipse.jetty/ already added, skipping
[INFO] META-INF/ already added, skipping
[INFO] META-INF/MANIFEST.MF already added, skipping
[INFO] org/ already added, skipping
[INFO] org/eclipse/ already added, skipping
[INFO] org/eclipse/jetty/ already added, skipping
[INFO] about.html already added, skipping
[INFO] META-INF/maven/ already added, skipping
[INFO] META-INF/maven/org.eclipse.jetty/ already added, skipping
[INFO] META-INF/ already added, skipping
[INFO] META-INF/MANIFEST.MF already added, skipping
[INFO] org/ already added, skipping
[INFO] org/eclipse/ already added, skipping
[INFO] org/eclipse/jetty/ already added, skipping
[INFO] about.html already added, skipping
[INFO] META-INF/maven/ already added, skipping
[INFO] META-INF/maven/org.eclipse.jetty/ already added, skipping
[INFO] META-INF/ already added, skipping
[INFO] META-INF/MANIFEST.MF already added, skipping
[INFO] org/ already added, skipping
[INFO] org/eclipse/ already added, skipping
[INFO] org/eclipse/jetty/ already added, skipping
[INFO] about.html already added, skipping
[INFO] META-INF/maven/ already added, skipping
[INFO] META-INF/maven/org.eclipse.jetty/ already added, skipping
[INFO] META-INF/ already added, skipping
[INFO] META-INF/MANIFEST.MF already added, skipping
[INFO] spark/ already added, skipping
[INFO] META-INF/maven/ already added, skipping
[INFO] META-INF/maven/com.sparkjava/ already added, skipping
[INFO] META-INF/ already added, skipping
[INFO] META-INF/MANIFEST.MF already added, skipping
[INFO] META-INF/MANIFEST.MF already added, skipping
[INFO] META-INF/ already added, skipping
[INFO] org/ already added, skipping
[INFO] META-INF/MANIFEST.MF already added, skipping
[INFO] META-INF/ already added, skipping
[INFO] META-INF/maven/ already added, skipping
[INFO] META-INF/ already added, skipping
[INFO] META-INF/MANIFEST.MF already added, skipping
[INFO] com/ already added, skipping
[INFO] META-INF/ already added, skipping
[INFO] META-INF/MANIFEST.MF already added, skipping
[INFO] META-INF/maven/ already added, skipping
[WARNING] Configuration options: 'appendAssemblyId' is set to false, and 'classifier' is missing.
Instead of attaching the assembly file: C:\Users\JuanPablo\Documents\Especializacion\Semestre 1\ConceptosAvanzadosIngSoftware\Tareas\Tarea7\scr\tarea7\target\tarea7.jar, it will become the file for main project artifact.
NOTE: If multiple descriptors or descriptor-formats are provided for this project, the value of this file will be non-deterministic!
[WARNING] Replacing pre-existing project main-artifact file: C:\Users\JuanPablo\Documents\Especializacion\Semestre 1\ConceptosAvanzadosIngSoftware\Tareas\Tarea7\scr\tarea7\target\tarea7-1.0-SNAPSHOT.jar
with assembly file: C:\Users\JuanPablo\Documents\Especializacion\Semestre 1\ConceptosAvanzadosIngSoftware\Tareas\Tarea7\scr\tarea7\target\tarea7.jar
[INFO] ------------------------------------------------------------------------
[INFO] BUILD SUCCESS
[INFO] ------------------------------------------------------------------------
[INFO] Total time: 6.155 s
[INFO] Finished at: 2017-05-03T22:57:58-05:00
[INFO] Final Memory: 17M/243M
[INFO] ------------------------------------------------------------------------

C:\Users\JuanPablo\Documents\Especializacion\Semestre 1\ConceptosAvanzadosIngSoftware\Tareas\Tarea7\scr\tarea7>